<?xml version="1.0" encoding="UTF-8"?>
<testsuite name="com.walletapp.WalletServiceByMockRepository" tests="2" skipped="0" failures="0" errors="0" timestamp="2023-03-01T06:46:13" hostname="WGC1009VT1F63" time="0.886">
  <properties/>
  <testcase name="testServiceWithOutActualRepository()" classname="com.walletapp.WalletServiceByMockRepository" time="0.856"/>
  <testcase name="testGetWalletThrowsExceptionTest()" classname="com.walletapp.WalletServiceByMockRepository" time="0.023"/>
  <system-out><![CDATA[12:15:52.851 [Test worker] DEBUG org.springframework.test.context.BootstrapUtils - Instantiating CacheAwareContextLoaderDelegate from class [org.springframework.test.context.cache.DefaultCacheAwareContextLoaderDelegate]
12:15:52.888 [Test worker] DEBUG org.springframework.test.context.BootstrapUtils - Instantiating BootstrapContext using constructor [public org.springframework.test.context.support.DefaultBootstrapContext(java.lang.Class,org.springframework.test.context.CacheAwareContextLoaderDelegate)]
12:15:52.996 [Test worker] DEBUG org.springframework.test.context.BootstrapUtils - Instantiating TestContextBootstrapper for test class [com.walletapp.WalletServiceByMockRepository] from class [org.springframework.boot.test.context.SpringBootTestContextBootstrapper]
12:15:53.026 [Test worker] INFO org.springframework.boot.test.context.SpringBootTestContextBootstrapper - Neither @ContextConfiguration nor @ContextHierarchy found for test class [com.walletapp.WalletServiceByMockRepository], using SpringBootContextLoader
12:15:53.035 [Test worker] DEBUG org.springframework.test.context.support.AbstractContextLoader - Did not detect default resource location for test class [com.walletapp.WalletServiceByMockRepository]: class path resource [com/walletapp/WalletServiceByMockRepository-context.xml] does not exist
12:15:53.038 [Test worker] DEBUG org.springframework.test.context.support.AbstractContextLoader - Did not detect default resource location for test class [com.walletapp.WalletServiceByMockRepository]: class path resource [com/walletapp/WalletServiceByMockRepositoryContext.groovy] does not exist
12:15:53.038 [Test worker] INFO org.springframework.test.context.support.AbstractContextLoader - Could not detect default resource locations for test class [com.walletapp.WalletServiceByMockRepository]: no resource found for suffixes {-context.xml, Context.groovy}.
12:15:53.040 [Test worker] INFO org.springframework.test.context.support.AnnotationConfigContextLoaderUtils - Could not detect default configuration classes for test class [com.walletapp.WalletServiceByMockRepository]: WalletServiceByMockRepository does not declare any static, non-private, non-final, nested classes annotated with @Configuration.
12:15:53.179 [Test worker] DEBUG org.springframework.test.context.support.ActiveProfilesUtils - Could not find an 'annotation declaring class' for annotation type [org.springframework.test.context.ActiveProfiles] and class [com.walletapp.WalletServiceByMockRepository]
12:15:53.363 [Test worker] DEBUG org.springframework.context.annotation.ClassPathScanningCandidateComponentProvider - Identified candidate component class: file [C:\Users\SSARA127\Downloads\ford-walletapp-main\build\classes\java\main\com\walletapp\WalletAppApplication.class]
12:15:53.426 [Test worker] INFO org.springframework.boot.test.context.SpringBootTestContextBootstrapper - Found @SpringBootConfiguration com.walletapp.WalletAppApplication for test class com.walletapp.WalletServiceByMockRepository
12:15:53.687 [Test worker] DEBUG org.springframework.boot.test.context.SpringBootTestContextBootstrapper - @TestExecutionListeners is not present for class [com.walletapp.WalletServiceByMockRepository]: using defaults.
12:15:53.688 [Test worker] INFO org.springframework.boot.test.context.SpringBootTestContextBootstrapper - Loaded default TestExecutionListener class names from location [META-INF/spring.factories]: [org.springframework.boot.test.autoconfigure.restdocs.RestDocsTestExecutionListener, org.springframework.boot.test.autoconfigure.web.client.MockRestServiceServerResetTestExecutionListener, org.springframework.boot.test.autoconfigure.web.servlet.MockMvcPrintOnlyOnFailureTestExecutionListener, org.springframework.boot.test.autoconfigure.web.servlet.WebDriverTestExecutionListener, org.springframework.boot.test.autoconfigure.webservices.client.MockWebServiceServerTestExecutionListener, org.springframework.boot.test.mock.mockito.MockitoTestExecutionListener, org.springframework.boot.test.mock.mockito.ResetMocksTestExecutionListener, org.springframework.test.context.web.ServletTestExecutionListener, org.springframework.test.context.support.DirtiesContextBeforeModesTestExecutionListener, org.springframework.test.context.event.ApplicationEventsTestExecutionListener, org.springframework.test.context.support.DependencyInjectionTestExecutionListener, org.springframework.test.context.support.DirtiesContextTestExecutionListener, org.springframework.test.context.transaction.TransactionalTestExecutionListener, org.springframework.test.context.jdbc.SqlScriptsTestExecutionListener, org.springframework.test.context.event.EventPublishingTestExecutionListener]
12:15:53.740 [Test worker] INFO org.springframework.boot.test.context.SpringBootTestContextBootstrapper - Using TestExecutionListeners: [org.springframework.test.context.web.ServletTestExecutionListener@4985cbcb, org.springframework.test.context.support.DirtiesContextBeforeModesTestExecutionListener@72f46e16, org.springframework.test.context.event.ApplicationEventsTestExecutionListener@3c9168dc, org.springframework.boot.test.mock.mockito.MockitoTestExecutionListener@332a7fce, org.springframework.boot.test.autoconfigure.SpringBootDependencyInjectionTestExecutionListener@549621f3, org.springframework.test.context.support.DirtiesContextTestExecutionListener@54361a9, org.springframework.test.context.transaction.TransactionalTestExecutionListener@32232e55, org.springframework.test.context.jdbc.SqlScriptsTestExecutionListener@5217f3d0, org.springframework.test.context.event.EventPublishingTestExecutionListener@37ebc9d8, org.springframework.boot.test.autoconfigure.restdocs.RestDocsTestExecutionListener@293bb8a5, org.springframework.boot.test.autoconfigure.web.client.MockRestServiceServerResetTestExecutionListener@2416a51, org.springframework.boot.test.autoconfigure.web.servlet.MockMvcPrintOnlyOnFailureTestExecutionListener@6fa590ba, org.springframework.boot.test.autoconfigure.web.servlet.WebDriverTestExecutionListener@6e9319f, org.springframework.boot.test.autoconfigure.webservices.client.MockWebServiceServerTestExecutionListener@72e34f77, org.springframework.boot.test.mock.mockito.ResetMocksTestExecutionListener@7bf9b098]
12:15:53.750 [Test worker] DEBUG org.springframework.test.context.support.AbstractDirtiesContextTestExecutionListener - Before test class: context [DefaultTestContext@21c64522 testClass = WalletServiceByMockRepository, testInstance = [null], testMethod = [null], testException = [null], mergedContextConfiguration = [WebMergedContextConfiguration@7997b197 testClass = WalletServiceByMockRepository, locations = '{}', classes = '{class com.walletapp.WalletAppApplication}', contextInitializerClasses = '[]', activeProfiles = '{}', propertySourceLocations = '{}', propertySourceProperties = '{org.springframework.boot.test.context.SpringBootTestContextBootstrapper=true}', contextCustomizers = set[org.springframework.boot.test.autoconfigure.actuate.metrics.MetricsExportContextCustomizerFactory$DisableMetricExportContextCustomizer@77258e59, org.springframework.boot.test.autoconfigure.properties.PropertyMappingContextCustomizer@0, org.springframework.boot.test.autoconfigure.web.servlet.WebDriverContextCustomizerFactory$Customizer@530712d, org.springframework.boot.test.context.filter.ExcludeFilterContextCustomizer@55322aab, org.springframework.boot.test.json.DuplicateJsonObjectContextCustomizerFactory$DuplicateJsonObjectContextCustomizer@5f0e9815, org.springframework.boot.test.mock.mockito.MockitoContextCustomizer@6ca230e6, org.springframework.boot.test.web.client.TestRestTemplateContextCustomizer@7cf6a5f9, org.springframework.boot.test.context.SpringBootTestArgs@1, org.springframework.boot.test.context.SpringBootTestWebEnvironment@662b4c69], resourceBasePath = 'src/main/webapp', contextLoader = 'org.springframework.boot.test.context.SpringBootContextLoader', parent = [null]], attributes = map['org.springframework.test.context.web.ServletTestExecutionListener.activateListener' -> true]], class annotated with @DirtiesContext [false] with mode [null].

  .   ____          _            __ _ _
 /\\ / ___'_ __ _ _(_)_ __  __ _ \ \ \ \
( ( )\___ | '_ | '_| | '_ \/ _` | \ \ \ \
 \\/  ___)| |_)| | | | | || (_| |  ) ) ) )
  '  |____| .__|_| |_|_| |_\__, | / / / /
 =========|_|==============|___/=/_/_/_/
 :: Spring Boot ::       (v2.7.9-SNAPSHOT)

2023-03-01 12:15:54.720  INFO 18496 --- [    Test worker] c.w.WalletServiceByMockRepository        : Starting WalletServiceByMockRepository using Java 16.0.2 on WGC1009VT1F63 with PID 18496 (started by SSARA127 in C:\Users\SSARA127\Downloads\ford-walletapp-main)
2023-03-01 12:15:54.724  INFO 18496 --- [    Test worker] c.w.WalletServiceByMockRepository        : No active profile set, falling back to 1 default profile: "default"
2023-03-01 12:15:57.603  INFO 18496 --- [    Test worker] .s.d.r.c.RepositoryConfigurationDelegate : Bootstrapping Spring Data JPA repositories in DEFAULT mode.
2023-03-01 12:15:57.763  INFO 18496 --- [    Test worker] .s.d.r.c.RepositoryConfigurationDelegate : Finished Spring Data repository scanning in 135 ms. Found 1 JPA repository interfaces.
2023-03-01 12:16:00.900  INFO 18496 --- [    Test worker] o.hibernate.jpa.internal.util.LogHelper  : HHH000204: Processing PersistenceUnitInfo [name: default]
2023-03-01 12:16:01.108  INFO 18496 --- [    Test worker] org.hibernate.Version                    : HHH000412: Hibernate ORM core version 5.6.15.Final
2023-03-01 12:16:01.253  INFO 18496 --- [    Test worker] o.hibernate.annotations.common.Version   : HCANN000001: Hibernate Commons Annotations {5.1.2.Final}
2023-03-01 12:16:01.727  INFO 18496 --- [    Test worker] com.zaxxer.hikari.HikariDataSource       : HikariPool-1 - Starting...
2023-03-01 12:16:02.639  INFO 18496 --- [    Test worker] com.zaxxer.hikari.HikariDataSource       : HikariPool-1 - Start completed.
2023-03-01 12:16:02.723  INFO 18496 --- [    Test worker] org.hibernate.dialect.Dialect            : HHH000400: Using dialect: org.hibernate.dialect.H2Dialect
Hibernate: create table wallet_dto (id integer not null, balanceamount double not null, date_of_wallet_creation date, email varchar(255), name_of_holder varchar(255), name_of_wallet varchar(255), password varchar(255) not null, phone_number varchar(255), primary key (id))
2023-03-01 12:16:04.622  INFO 18496 --- [    Test worker] o.h.e.t.j.p.i.JtaPlatformInitiator       : HHH000490: Using JtaPlatform implementation: [org.hibernate.engine.transaction.jta.platform.internal.NoJtaPlatform]
2023-03-01 12:16:04.649  INFO 18496 --- [    Test worker] j.LocalContainerEntityManagerFactoryBean : Initialized JPA EntityManagerFactory for persistence unit 'default'
2023-03-01 12:16:06.598  WARN 18496 --- [    Test worker] JpaBaseConfiguration$JpaWebConfiguration : spring.jpa.open-in-view is enabled by default. Therefore, database queries may be performed during view rendering. Explicitly configure spring.jpa.open-in-view to disable this warning
2023-03-01 12:16:07.476  INFO 18496 --- [    Test worker] o.s.b.a.h2.H2ConsoleAutoConfiguration    : H2 console available at '/h2-console'. Database available at 'jdbc:h2:mem:test'
2023-03-01 12:16:13.329  INFO 18496 --- [    Test worker] c.w.WalletServiceByMockRepository        : Started WalletServiceByMockRepository in 19.464 seconds (JVM running for 23.964)
Wallet register successfully!
Hibernate: select walletdto0_.id as id1_0_0_, walletdto0_.balanceamount as balancea2_0_0_, walletdto0_.date_of_wallet_creation as date_of_3_0_0_, walletdto0_.email as email4_0_0_, walletdto0_.name_of_holder as name_of_5_0_0_, walletdto0_.name_of_wallet as name_of_6_0_0_, walletdto0_.password as password7_0_0_, walletdto0_.phone_number as phone_nu8_0_0_ from wallet_dto walletdto0_ where walletdto0_.id=?
Hibernate: insert into wallet_dto (balanceamount, date_of_wallet_creation, email, name_of_holder, name_of_wallet, password, phone_number, id) values (?, ?, ?, ?, ?, ?, ?, ?)
Hibernate: select walletdto0_.id as id1_0_0_, walletdto0_.balanceamount as balancea2_0_0_, walletdto0_.date_of_wallet_creation as date_of_3_0_0_, walletdto0_.email as email4_0_0_, walletdto0_.name_of_holder as name_of_5_0_0_, walletdto0_.name_of_wallet as name_of_6_0_0_, walletdto0_.password as password7_0_0_, walletdto0_.phone_number as phone_nu8_0_0_ from wallet_dto walletdto0_ where walletdto0_.id=?
Wallet found successfully!
Hibernate: select walletdto0_.id as id1_0_0_, walletdto0_.balanceamount as balancea2_0_0_, walletdto0_.date_of_wallet_creation as date_of_3_0_0_, walletdto0_.email as email4_0_0_, walletdto0_.name_of_holder as name_of_5_0_0_, walletdto0_.name_of_wallet as name_of_6_0_0_, walletdto0_.password as password7_0_0_, walletdto0_.phone_number as phone_nu8_0_0_ from wallet_dto walletdto0_ where walletdto0_.id=?
]]></system-out>
  <system-err><![CDATA[]]></system-err>
</testsuite>
