<?xml version="1.0" encoding="UTF-8"?>
<testsuite name="com.walletapp.WalletRepositoryTest" tests="5" skipped="0" failures="0" errors="0" timestamp="2023-02-28T15:03:59" hostname="WGC1009VT1F63" time="0.999">
  <properties/>
  <testcase name="updateWalletTest1()" classname="com.walletapp.WalletRepositoryTest" time="0.965"/>
  <testcase name="createWalletTest()" classname="com.walletapp.WalletRepositoryTest" time="0.007"/>
  <testcase name="deleteWalletByIdTest()" classname="com.walletapp.WalletRepositoryTest" time="0.006"/>
  <testcase name="getWalletByIdTest()" classname="com.walletapp.WalletRepositoryTest" time="0.005"/>
  <testcase name="updateWalletTest()" classname="com.walletapp.WalletRepositoryTest" time="0.007"/>
  <system-out><![CDATA[20:33:53.343 [Test worker] DEBUG org.springframework.test.context.BootstrapUtils - Instantiating CacheAwareContextLoaderDelegate from class [org.springframework.test.context.cache.DefaultCacheAwareContextLoaderDelegate]
20:33:53.384 [Test worker] DEBUG org.springframework.test.context.BootstrapUtils - Instantiating BootstrapContext using constructor [public org.springframework.test.context.support.DefaultBootstrapContext(java.lang.Class,org.springframework.test.context.CacheAwareContextLoaderDelegate)]
20:33:53.466 [Test worker] DEBUG org.springframework.test.context.BootstrapUtils - Instantiating TestContextBootstrapper for test class [com.walletapp.WalletRepositoryTest] from class [org.springframework.boot.test.context.SpringBootTestContextBootstrapper]
20:33:53.485 [Test worker] INFO org.springframework.boot.test.context.SpringBootTestContextBootstrapper - Neither @ContextConfiguration nor @ContextHierarchy found for test class [com.walletapp.WalletRepositoryTest], using SpringBootContextLoader
20:33:53.494 [Test worker] DEBUG org.springframework.test.context.support.AbstractContextLoader - Did not detect default resource location for test class [com.walletapp.WalletRepositoryTest]: class path resource [com/walletapp/WalletRepositoryTest-context.xml] does not exist
20:33:53.495 [Test worker] DEBUG org.springframework.test.context.support.AbstractContextLoader - Did not detect default resource location for test class [com.walletapp.WalletRepositoryTest]: class path resource [com/walletapp/WalletRepositoryTestContext.groovy] does not exist
20:33:53.496 [Test worker] INFO org.springframework.test.context.support.AbstractContextLoader - Could not detect default resource locations for test class [com.walletapp.WalletRepositoryTest]: no resource found for suffixes {-context.xml, Context.groovy}.
20:33:53.497 [Test worker] INFO org.springframework.test.context.support.AnnotationConfigContextLoaderUtils - Could not detect default configuration classes for test class [com.walletapp.WalletRepositoryTest]: WalletRepositoryTest does not declare any static, non-private, non-final, nested classes annotated with @Configuration.
20:33:53.592 [Test worker] DEBUG org.springframework.test.context.support.ActiveProfilesUtils - Could not find an 'annotation declaring class' for annotation type [org.springframework.test.context.ActiveProfiles] and class [com.walletapp.WalletRepositoryTest]
20:33:53.727 [Test worker] DEBUG org.springframework.context.annotation.ClassPathScanningCandidateComponentProvider - Identified candidate component class: file [C:\Users\SSARA127\Downloads\ford-walletapp-main\build\classes\java\main\com\walletapp\WalletAppApplication.class]
20:33:53.776 [Test worker] INFO org.springframework.boot.test.context.SpringBootTestContextBootstrapper - Found @SpringBootConfiguration com.walletapp.WalletAppApplication for test class com.walletapp.WalletRepositoryTest
20:33:53.979 [Test worker] DEBUG org.springframework.boot.test.context.SpringBootTestContextBootstrapper - @TestExecutionListeners is not present for class [com.walletapp.WalletRepositoryTest]: using defaults.
20:33:53.980 [Test worker] INFO org.springframework.boot.test.context.SpringBootTestContextBootstrapper - Loaded default TestExecutionListener class names from location [META-INF/spring.factories]: [org.springframework.boot.test.autoconfigure.restdocs.RestDocsTestExecutionListener, org.springframework.boot.test.autoconfigure.web.client.MockRestServiceServerResetTestExecutionListener, org.springframework.boot.test.autoconfigure.web.servlet.MockMvcPrintOnlyOnFailureTestExecutionListener, org.springframework.boot.test.autoconfigure.web.servlet.WebDriverTestExecutionListener, org.springframework.boot.test.autoconfigure.webservices.client.MockWebServiceServerTestExecutionListener, org.springframework.boot.test.mock.mockito.MockitoTestExecutionListener, org.springframework.boot.test.mock.mockito.ResetMocksTestExecutionListener, org.springframework.test.context.web.ServletTestExecutionListener, org.springframework.test.context.support.DirtiesContextBeforeModesTestExecutionListener, org.springframework.test.context.event.ApplicationEventsTestExecutionListener, org.springframework.test.context.support.DependencyInjectionTestExecutionListener, org.springframework.test.context.support.DirtiesContextTestExecutionListener, org.springframework.test.context.transaction.TransactionalTestExecutionListener, org.springframework.test.context.jdbc.SqlScriptsTestExecutionListener, org.springframework.test.context.event.EventPublishingTestExecutionListener]
20:33:54.007 [Test worker] DEBUG org.springframework.boot.test.context.SpringBootTestContextBootstrapper - Skipping candidate TestExecutionListener [org.springframework.test.context.transaction.TransactionalTestExecutionListener] due to a missing dependency. Specify custom listener classes or make the default listener classes and their required dependencies available. Offending class: [org/springframework/transaction/interceptor/TransactionAttributeSource]
20:33:54.007 [Test worker] DEBUG org.springframework.boot.test.context.SpringBootTestContextBootstrapper - Skipping candidate TestExecutionListener [org.springframework.test.context.jdbc.SqlScriptsTestExecutionListener] due to a missing dependency. Specify custom listener classes or make the default listener classes and their required dependencies available. Offending class: [org/springframework/transaction/interceptor/TransactionAttribute]
20:33:54.008 [Test worker] INFO org.springframework.boot.test.context.SpringBootTestContextBootstrapper - Using TestExecutionListeners: [org.springframework.test.context.web.ServletTestExecutionListener@756cf158, org.springframework.test.context.support.DirtiesContextBeforeModesTestExecutionListener@3f2ef586, org.springframework.test.context.event.ApplicationEventsTestExecutionListener@751d3241, org.springframework.boot.test.mock.mockito.MockitoTestExecutionListener@76c7beb3, org.springframework.boot.test.autoconfigure.SpringBootDependencyInjectionTestExecutionListener@64337702, org.springframework.test.context.support.DirtiesContextTestExecutionListener@2cf92cc7, org.springframework.test.context.event.EventPublishingTestExecutionListener@30ea8c23, org.springframework.boot.test.autoconfigure.restdocs.RestDocsTestExecutionListener@7b139eab, org.springframework.boot.test.autoconfigure.web.client.MockRestServiceServerResetTestExecutionListener@4e76dac, org.springframework.boot.test.autoconfigure.web.servlet.MockMvcPrintOnlyOnFailureTestExecutionListener@611df6e3, org.springframework.boot.test.autoconfigure.web.servlet.WebDriverTestExecutionListener@5f2f577, org.springframework.boot.test.autoconfigure.webservices.client.MockWebServiceServerTestExecutionListener@6273c5a4, org.springframework.boot.test.mock.mockito.ResetMocksTestExecutionListener@5d465e4b]
20:33:54.019 [Test worker] DEBUG org.springframework.test.context.support.AbstractDirtiesContextTestExecutionListener - Before test class: context [DefaultTestContext@2c9399a4 testClass = WalletRepositoryTest, testInstance = [null], testMethod = [null], testException = [null], mergedContextConfiguration = [WebMergedContextConfiguration@191ae03f testClass = WalletRepositoryTest, locations = '{}', classes = '{class com.walletapp.WalletAppApplication}', contextInitializerClasses = '[]', activeProfiles = '{}', propertySourceLocations = '{}', propertySourceProperties = '{org.springframework.boot.test.context.SpringBootTestContextBootstrapper=true}', contextCustomizers = set[org.springframework.boot.test.autoconfigure.actuate.metrics.MetricsExportContextCustomizerFactory$DisableMetricExportContextCustomizer@648c94da, org.springframework.boot.test.autoconfigure.properties.PropertyMappingContextCustomizer@0, org.springframework.boot.test.autoconfigure.web.servlet.WebDriverContextCustomizerFactory$Customizer@79179359, org.springframework.boot.test.context.filter.ExcludeFilterContextCustomizer@4eb386df, org.springframework.boot.test.json.DuplicateJsonObjectContextCustomizerFactory$DuplicateJsonObjectContextCustomizer@5a18cd76, org.springframework.boot.test.mock.mockito.MockitoContextCustomizer@0, org.springframework.boot.test.web.client.TestRestTemplateContextCustomizer@4748a0f9, org.springframework.boot.test.context.SpringBootTestArgs@1, org.springframework.boot.test.context.SpringBootTestWebEnvironment@793be5ca], resourceBasePath = 'src/main/webapp', contextLoader = 'org.springframework.boot.test.context.SpringBootContextLoader', parent = [null]], attributes = map['org.springframework.test.context.web.ServletTestExecutionListener.activateListener' -> true]], class annotated with @DirtiesContext [false] with mode [null].

  .   ____          _            __ _ _
 /\\ / ___'_ __ _ _(_)_ __  __ _ \ \ \ \
( ( )\___ | '_ | '_| | '_ \/ _` | \ \ \ \
 \\/  ___)| |_)| | | | | || (_| |  ) ) ) )
  '  |____| .__|_| |_|_| |_\__, | / / / /
 =========|_|==============|___/=/_/_/_/
 :: Spring Boot ::       (v2.7.9-SNAPSHOT)

2023-02-28 20:33:54.654  INFO 12456 --- [    Test worker] com.walletapp.WalletRepositoryTest       : Starting WalletRepositoryTest using Java 16.0.2 on WGC1009VT1F63 with PID 12456 (started by SSARA127 in C:\Users\SSARA127\Downloads\ford-walletapp-main)
2023-02-28 20:33:54.658  INFO 12456 --- [    Test worker] com.walletapp.WalletRepositoryTest       : No active profile set, falling back to 1 default profile: "default"
2023-02-28 20:33:59.470  INFO 12456 --- [    Test worker] com.walletapp.WalletRepositoryTest       : Started WalletRepositoryTest in 5.353 seconds (JVM running for 8.586)
]]></system-out>
  <system-err><![CDATA[]]></system-err>
</testsuite>
